\BOOKMARK [1][-]{section.1}{Emacs\040Profile}{}% 1
\BOOKMARK [1][-]{section.2}{./1-head-short.cpp}{}% 2
\BOOKMARK [1][-]{section.3}{./2-data-structure/block.cpp}{}% 3
\BOOKMARK [1][-]{section.4}{./2-data-structure/dsu.cpp}{}% 4
\BOOKMARK [1][-]{section.5}{./2-data-structure/odt.cpp}{}% 5
\BOOKMARK [1][-]{section.6}{./2-data-structure/offline/cdq.cpp}{}% 6
\BOOKMARK [1][-]{section.7}{./2-data-structure/offline/mo.cpp}{}% 7
\BOOKMARK [1][-]{section.8}{./2-data-structure/queue.cpp}{}% 8
\BOOKMARK [1][-]{section.9}{./2-data-structure/st.cpp}{}% 9
\BOOKMARK [1][-]{section.10}{./2-data-structure/tree/bit.cpp}{}% 10
\BOOKMARK [1][-]{section.11}{./2-data-structure/tree/centroid-decomposition.cpp}{}% 11
\BOOKMARK [1][-]{section.12}{./2-data-structure/tree/fortile.cpp}{}% 12
\BOOKMARK [1][-]{section.13}{./2-data-structure/tree/hld.cpp}{}% 13
\BOOKMARK [1][-]{section.14}{./2-data-structure/tree-in-tree/bit-seg.cpp}{}% 14
\BOOKMARK [1][-]{section.15}{./2-data-structure/tree-in-tree/bit-treap.cpp}{}% 15
\BOOKMARK [1][-]{section.16}{./2-data-structure/tree/lct.cpp}{}% 16
\BOOKMARK [1][-]{section.17}{./2-data-structure/tree/splay.cpp}{}% 17
\BOOKMARK [1][-]{section.18}{./2-data-structure/tree/treap.cpp}{}% 18
\BOOKMARK [1][-]{section.19}{./2-data-structure/tree/virtual-tree.cpp}{}% 19
\BOOKMARK [1][-]{section.20}{./3-string/acm.cpp}{}% 20
\BOOKMARK [1][-]{section.21}{./3-string/general-sam.cpp}{}% 21
\BOOKMARK [1][-]{section.22}{./3-string/hash.cpp}{}% 22
\BOOKMARK [1][-]{section.23}{./3-string/kmp.cpp}{}% 23
\BOOKMARK [1][-]{section.24}{./3-string/manacher.cpp}{}% 24
\BOOKMARK [1][-]{section.25}{./3-string/pam.cpp}{}% 25
\BOOKMARK [1][-]{section.26}{./3-string/sa.cpp}{}% 26
\BOOKMARK [1][-]{section.27}{./3-string/sam.cpp}{}% 27
\BOOKMARK [1][-]{section.28}{./4-math/algebra/fft.cpp}{}% 28
\BOOKMARK [1][-]{section.29}{./4-math/algebra/fwt.cpp}{}% 29
\BOOKMARK [1][-]{section.30}{./4-math/algebra/linear-basis.cpp}{}% 30
\BOOKMARK [1][-]{section.31}{./4-math/algebra/matrix.cpp}{}% 31
\BOOKMARK [1][-]{section.32}{./4-math/algebra/ntt-3-mod.cpp}{}% 32
\BOOKMARK [1][-]{section.33}{./4-math/algebra/ntt.cpp}{}% 33
\BOOKMARK [1][-]{section.34}{./4-math/combinatorics/matrix-tree.cpp}{}% 34
\BOOKMARK [1][-]{section.35}{./4-math/combinatorics/polya.cpp}{}% 35
\BOOKMARK [1][-]{section.36}{./4-math/misc/permutation.cpp}{}% 36
\BOOKMARK [1][-]{section.37}{./4-math/number-theory/crt.cpp}{}% 37
\BOOKMARK [1][-]{section.38}{./4-math/number-theory/discrete-log.cpp}{}% 38
\BOOKMARK [1][-]{section.39}{./4-math/number-theory/euler.cpp}{}% 39
\BOOKMARK [1][-]{section.40}{./4-math/number-theory/lucas.cpp}{}% 40
\BOOKMARK [1][-]{section.41}{./4-math/number-theory/mobius.cpp}{}% 41
\BOOKMARK [1][-]{section.42}{./4-math/number-theory/modsqr.cpp}{}% 42
\BOOKMARK [1][-]{section.43}{./5-graph-theory/2-sat.cpp}{}% 43
\BOOKMARK [1][-]{section.44}{./5-graph-theory/euler-tour.cpp}{}% 44
\BOOKMARK [1][-]{section.45}{./5-graph-theory/hungary.cpp}{}% 45
\BOOKMARK [1][-]{section.46}{./5-graph-theory/km.cpp}{}% 46
\BOOKMARK [1][-]{section.47}{./5-graph-theory/lca.cpp}{}% 47
\BOOKMARK [1][-]{section.48}{./5-graph-theory/max-clique.cpp}{}% 48
\BOOKMARK [1][-]{section.49}{./5-graph-theory/max-flow.cpp}{}% 49
\BOOKMARK [1][-]{section.50}{./5-graph-theory/min-cost-max-flow.cpp}{}% 50
\BOOKMARK [1][-]{section.51}{./5-graph-theory/sp.cpp}{}% 51
\BOOKMARK [1][-]{section.52}{./5-graph-theory/tarjan.cpp}{}% 52
\BOOKMARK [1][-]{section.53}{./6-geometry/basics.cpp}{}% 53
\BOOKMARK [1][-]{section.54}{./6-geometry/convex.cpp}{}% 54
\BOOKMARK [1][-]{section.55}{./6-geometry/half-plane.cpp}{}% 55
\BOOKMARK [1][-]{section.56}{./6-geometry/ploygon.cpp}{}% 56
\BOOKMARK [1][-]{section.57}{./7-misc/discrete.cpp}{}% 57
\BOOKMARK [1][-]{section.58}{./7-misc/mt19937.cpp}{}% 58
